

============================== 2022-01-31 20:27:31.201313 | 167e853b-3212-408e-bba8-aa07c67d3d2c ==============================
20:27:31.201313 [info ] [MainThread]: Running with dbt=1.0.1
20:27:31.201736 [debug] [MainThread]: running dbt with arguments Namespace(record_timing_info=None, debug=None, log_format=None, write_json=None, use_colors=None, printer_width=None, warn_error=None, version_check=None, partial_parse=None, single_threaded=False, use_experimental_parser=None, static_parser=None, profiles_dir='/Users/pbshaw/.dbt', send_anonymous_usage_stats=None, fail_fast=None, event_buffer_size=None, project_dir=None, profile=None, target=None, vars='{}', log_cache_events=False, project_name='jaffle-shop', skip_profile_setup=False, defer=None, state=None, cls=<class 'dbt.task.init.InitTask'>, which='init', rpc_method=None)
20:27:31.201924 [debug] [MainThread]: Tracking: tracking
20:27:31.281221 [debug] [MainThread]: Sending event: {'category': 'dbt', 'action': 'invocation', 'label': 'start', 'context': [<snowplow_tracker.self_describing_json.SelfDescribingJson object at 0x10f0b0670>, <snowplow_tracker.self_describing_json.SelfDescribingJson object at 0x10f0b0760>, <snowplow_tracker.self_describing_json.SelfDescribingJson object at 0x10f0b05e0>]}
20:27:31.282929 [info ] [MainThread]: Creating dbt configuration folder at /Users/pbshaw/.dbt
20:27:31.284657 [debug] [MainThread]: Starter project path: /usr/local/Cellar/dbt-redshift/1.0.0_1/libexec/lib/python3.9/site-packages/dbt/include/starter_project
20:27:51.619037 [info ] [MainThread]: Profile jaffle-shop written to /Users/pbshaw/.dbt/profiles.yml using target's sample configuration. Once updated, you'll be able to start developing with dbt.
20:27:51.619419 [info ] [MainThread]: 
Your new dbt project "jaffle-shop" was created!

For more information on how to configure the profiles.yml file,
please consult the dbt documentation here:

  https://docs.getdbt.com/docs/configure-your-profile

One more thing:

Need help? Don't hesitate to reach out to us via GitHub issues or on Slack:

  https://community.getdbt.com/

Happy modeling!

20:27:51.619756 [debug] [MainThread]: Sending event: {'category': 'dbt', 'action': 'invocation', 'label': 'end', 'context': [<snowplow_tracker.self_describing_json.SelfDescribingJson object at 0x10f0b0940>, <snowplow_tracker.self_describing_json.SelfDescribingJson object at 0x10f0b0a30>, <snowplow_tracker.self_describing_json.SelfDescribingJson object at 0x10f0b0a60>]}


============================== 2022-01-31 21:47:43.359400 | e6833bc5-ebe9-4229-aaf2-6d2231688b86 ==============================
21:47:43.359400 [info ] [MainThread]: Running with dbt=1.0.1
21:47:43.361816 [debug] [MainThread]: running dbt with arguments Namespace(record_timing_info=None, debug=None, log_format=None, write_json=None, use_colors=None, printer_width=None, warn_error=None, version_check=None, partial_parse=None, single_threaded=False, use_experimental_parser=None, static_parser=None, profiles_dir='/Users/pbshaw/.dbt', send_anonymous_usage_stats=None, fail_fast=None, event_buffer_size=None, project_dir=None, profile=None, target=None, vars='{}', log_cache_events=False, config_dir=False, defer=None, state=None, cls=<class 'dbt.task.debug.DebugTask'>, which='debug', rpc_method=None)
21:47:43.362514 [debug] [MainThread]: Tracking: tracking
21:47:43.388737 [debug] [MainThread]: Sending event: {'category': 'dbt', 'action': 'invocation', 'label': 'start', 'context': [<snowplow_tracker.self_describing_json.SelfDescribingJson object at 0x10706f2b0>, <snowplow_tracker.self_describing_json.SelfDescribingJson object at 0x10706f5b0>, <snowplow_tracker.self_describing_json.SelfDescribingJson object at 0x10706f040>]}
21:47:43.981940 [debug] [MainThread]: Executing "git --help"
21:47:43.998525 [debug] [MainThread]: STDOUT: "b"usage: git [--version] [--help] [-C <path>] [-c <name>=<value>]\n           [--exec-path[=<path>]] [--html-path] [--man-path] [--info-path]\n           [-p | --paginate | -P | --no-pager] [--no-replace-objects] [--bare]\n           [--git-dir=<path>] [--work-tree=<path>] [--namespace=<name>]\n           [--super-prefix=<path>] [--config-env=<name>=<envvar>]\n           <command> [<args>]\n\nThese are common Git commands used in various situations:\n\nstart a working area (see also: git help tutorial)\n   clone     Clone a repository into a new directory\n   init      Create an empty Git repository or reinitialize an existing one\n\nwork on the current change (see also: git help everyday)\n   add       Add file contents to the index\n   mv        Move or rename a file, a directory, or a symlink\n   restore   Restore working tree files\n   rm        Remove files from the working tree and from the index\n\nexamine the history and state (see also: git help revisions)\n   bisect    Use binary search to find the commit that introduced a bug\n   diff      Show changes between commits, commit and working tree, etc\n   grep      Print lines matching a pattern\n   log       Show commit logs\n   show      Show various types of objects\n   status    Show the working tree status\n\ngrow, mark and tweak your common history\n   branch    List, create, or delete branches\n   commit    Record changes to the repository\n   merge     Join two or more development histories together\n   rebase    Reapply commits on top of another base tip\n   reset     Reset current HEAD to the specified state\n   switch    Switch branches\n   tag       Create, list, delete or verify a tag object signed with GPG\n\ncollaborate (see also: git help workflows)\n   fetch     Download objects and refs from another repository\n   pull      Fetch from and integrate with another repository or a local branch\n   push      Update remote refs along with associated objects\n\n'git help -a' and 'git help -g' list available subcommands and some\nconcept guides. See 'git help <command>' or 'git help <concept>'\nto read about a specific subcommand or concept.\nSee 'git help git' for an overview of the system.\n""
21:47:43.999431 [debug] [MainThread]: STDERR: "b''"
21:47:44.014990 [debug] [MainThread]: Acquiring new bigquery connection "debug"
21:47:44.016744 [debug] [MainThread]: Opening a new connection, currently in state init
21:47:44.021435 [debug] [MainThread]: On debug: select 1 as id
21:47:46.457454 [debug] [MainThread]: Sending event: {'category': 'dbt', 'action': 'invocation', 'label': 'end', 'context': [<snowplow_tracker.self_describing_json.SelfDescribingJson object at 0x10706f2b0>, <snowplow_tracker.self_describing_json.SelfDescribingJson object at 0x1082fa760>, <snowplow_tracker.self_describing_json.SelfDescribingJson object at 0x1082fa100>]}
21:47:46.838634 [debug] [MainThread]: Connection 'debug' was properly closed.
